%!Adobe-FontList 1.18
%Locale:0x407

%BeginFont
Handler:DirectoryHandler
FontType:TrueType
FontName:Cornish
FamilyName:Cornish
StyleName:Regular
FullName:Cornish
MenuName:Cornish
StyleBits:0
WritingScript:Roman
OutlineFileName:C:\Users\Sebastian\Documents\GitHub\P3_Dokumentation\Print_Doku Ordner\Document fonts\Befolk Script.ttf
DataFormat:sfntData
hasSVG:no
FileLength:142988
FileModTime:1485791979
WeightClass:400
WidthClass:5
AngleClass:0
NameArray:0,Mac,4,Cornish
NameArray:0,Win,1,Cornish
%EndFont

%BeginFont
Handler:DirectoryHandler
FontType:TrueType
FontName:OpenSans-Extrabold
FamilyName:Open Sans
StyleName:Extrabold
FullName:Open Sans Extrabold
MenuName:Open Sans Extrabold
StyleBits:0
WritingScript:Roman
OutlineFileName:C:\Users\Sebastian\Documents\GitHub\P3_Dokumentation\Print_Doku Ordner\Document fonts\OpenSans-ExtraBold.ttf
DataFormat:sfntData
hasSVG:no
FileLength:222584
FileModTime:1485791979
WeightClass:800
WidthClass:5
AngleClass:0
NameArray:0,Mac,4,Open Sans Extrabold
NameArray:0,Win,1,Open Sans Extrabold
NameArray:0,Win,16,Open Sans
%EndFont

%BeginFont
Handler:DirectoryHandler
FontType:TrueType
FontName:OpenSans-Italic
FamilyName:Open Sans
StyleName:Italic
FullName:Open Sans Italic
MenuName:Open Sans
StyleBits:1
WritingScript:Roman
OutlineFileName:C:\Users\Sebastian\Documents\GitHub\P3_Dokumentation\Print_Doku Ordner\Document fonts\OpenSans-Italic.ttf
DataFormat:sfntData
hasSVG:no
FileLength:212896
FileModTime:1485791979
WeightClass:400
WidthClass:5
AngleClass:1
NameArray:0,Mac,4,Open Sans Italic
NameArray:0,Win,1,Open Sans
%EndFont

%BeginFont
Handler:DirectoryHandler
FontType:TrueType
FontName:OpenSans
FamilyName:Open Sans
StyleName:Regular
FullName:Open Sans
MenuName:Open Sans
StyleBits:0
WritingScript:Roman
OutlineFileName:C:\Users\Sebastian\Documents\GitHub\P3_Dokumentation\Print_Doku Ordner\Document fonts\OpenSans-Regular.ttf
DataFormat:sfntData
hasSVG:no
FileLength:217360
FileModTime:1485791979
WeightClass:400
WidthClass:5
AngleClass:0
NameArray:0,Mac,4,Open Sans
NameArray:0,Win,1,Open Sans
%EndFont

%BeginFont
Handler:DirectoryHandler
FontType:TrueType
FontName:OpenSans-Semibold
FamilyName:Open Sans
StyleName:Semibold
FullName:Open Sans Semibold
MenuName:Open Sans Semibold
StyleBits:0
WritingScript:Roman
OutlineFileName:C:\Users\Sebastian\Documents\GitHub\P3_Dokumentation\Print_Doku Ordner\Document fonts\OpenSans-Semibold.ttf
DataFormat:sfntData
hasSVG:no
FileLength:221328
FileModTime:1485791979
WeightClass:600
WidthClass:5
AngleClass:0
NameArray:0,Mac,4,Open Sans Semibold
NameArray:0,Win,1,Open Sans Semibold
NameArray:0,Win,16,Open Sans
%EndFont

